
ASEM-51 V1.3                                         Copyright (c) 2002 by W.W. Heinz                                         PAGE 1





       MCS-51 Family Macro Assembler   A S E M - 5 1   V 1.3
       =====================================================



	Source File:	..\LCD.asm
	Object File:	..\lcd.hex
	List File:	..\LCD.lst



 Line  I  Addr  Code            Source

    1:				;----------------------------------------------------------
    2:				; Testing LCD and creating its functions
    3:				;----------------------------------------------------------
    4:
    5:		B      0092	LCD_RS      EQU  P1.2
    6:		B      0093	LCD_RW      EQU  P1.3
    7:		B      0094	LCD_EN      EQU  P1.4
    8:		D      00B0	LCD_DATA    EQU  P3
    9:
   10:		N      0000	ORG 0000h
   11:	  0000	02 00 A2	LJMP START
   12:
   13:				;=======================
   14:				; LCD SUB_ROUTINES
   15:				;=======================
   16:	  0003			LCD_DELAY:
   17:	  0003	79 FF		    MOV R1, #255
   18:	  0005	7A FF		DL1: MOV R2, #255
   19:	  0007	DA FE		DL2: DJNZ R2, DL2
   20:	  0009	D9 FA		     DJNZ R1, DL1
   21:	  000B	22		     RET
   22:
   23:	  000C			LCD_CMD: ; to send LCD commands
   24:	  000C	C2 92		    CLR LCD_RS
   25:	  000E	C2 93		    CLR LCD_RW
   26:	  0010	D2 94		    SETB LCD_EN
   27:	  0012	F5 B0		    MOV LCD_DATA, A
   28:	  0014	11 03		    ACALL LCD_DELAY
   29:	  0016	C2 94		    CLR LCD_EN
   30:	  0018	22		    RET
   31:
   32:	  0019			LCD_DATA_WRITE:
   33:	  0019	D2 92		    SETB LCD_RS
   34:	  001B	C2 93		    CLR LCD_RW
   35:	  001D	D2 94		    SETB LCD_EN
   36:	  001F	F5 B0		    MOV LCD_DATA, A
   37:	  0021	11 03		    ACALL LCD_DELAY
   38:	  0023	C2 94		    CLR LCD_EN
   39:	  0025	22		    RET
   40:
   41:	  0026			LCD_INIT:
   42:	  0026	74 38		    MOV A, #38H     ; 8-bit, 2-line
   43:	  0028	11 0C		    ACALL LCD_CMD

ASEM-51 V1.3                                         Copyright (c) 2002 by W.W. Heinz                                         PAGE 2



 Line  I  Addr  Code            Source

   44:	  002A	74 0E		    MOV A, #0EH     ; Display ON, Cursor ON
   45:	  002C	11 0C		    ACALL LCD_CMD
   46:	  002E	74 01		    MOV A, #01H     ; Clear display
   47:	  0030	11 0C		    ACALL LCD_CMD
   48:	  0032	74 06		    MOV A, #06H     ; Entry mode
   49:	  0034	11 0C		    ACALL LCD_CMD
   50:	  0036	22		    RET
   51:
   52:				; )NOTE: must move value you wish to print into register DPR)
   53:	  0037			LCD_SEND_STRING:
   54:	  0037	E4		    CLR A
   55:	  0038	93		    MOVC A, @A+DPTR
   56:	  0039	60 05		    JZ LCD_STRING_DONE
   57:	  003B	11 19		    ACALL LCD_DATA_WRITE
   58:	  003D	A3		    INC DPTR
   59:	  003E	80 F7		    SJMP LCD_SEND_STRING
   60:	  0040			LCD_STRING_DONE:
   61:	  0040	22		    RET
   62:
   63:				;----------------------------------------------------------
   64:				;  LCD_SEND_DECIMAL  – prints an 8-bit value in A (0-255)
   65:				; )NOTE: must move value you wish to print into register A)
   66:				;----------------------------------------------------------
   67:	  0041			LCD_SEND_DECIMAL:
   68:	  0041	75 F0 64	    MOV     B,#100          ; 1)  hundreds
   69:	  0044	84		    DIV     AB              ;    A = hundreds, B = 0-99 remainder
   70:	  0045	FC		    MOV     R4,A            ;    save hundreds
   71:	  0046	E5 F0		    MOV     A,B             ; 2)  tens / ones
   72:	  0048	75 F0 0A	    MOV     B,#10
   73:	  004B	84		    DIV     AB              ;    A = tens, B = ones
   74:	  004C	FD		    MOV     R5,A
   75:	  004D	AE F0		    MOV     R6,B
   76:
   77:				    ; -------- print hundreds if non-zero ---------------
   78:	  004F	EC		    MOV     A,R4
   79:	  0050	60 04		    JZ      SKIP_HUNDREDS
   80:	  0052	24 30		    ADD     A,#'0'
   81:	  0054	11 19		    ACALL   LCD_DATA_WRITE
   82:	  0056			SKIP_HUNDREDS:
   83:				    ; -------- print tens (always if hundreds shown) ----
   84:	  0056	ED		    MOV     A,R5
   85:	  0057	60 06		    JZ      SKIP_TENS
   86:	  0059	24 30		    ADD     A,#'0'
   87:	  005B	11 19		    ACALL   LCD_DATA_WRITE
   88:	  005D	80 09		    SJMP    PRINT_ONES
   89:	  005F			SKIP_TENS:
   90:				    ; if both hundreds and tens were zero, we still need one ‘0’
   91:	  005F	EC		    MOV     A,R4
   92:	  0060	70 06		    JNZ     PRINT_ONES      ; already printed a hundreds digit
   93:	  0062	74 30		    MOV     A,#'0'          ; value was 0-9, so show a single 0
   94:	  0064	11 19		    ACALL   LCD_DATA_WRITE
   95:	  0066	80 05		    SJMP    DONE_DEC
   96:	  0068			PRINT_ONES:
   97:	  0068	EE		    MOV     A,R6
   98:	  0069	24 30		    ADD     A,#'0'
   99:	  006B	11 19		    ACALL   LCD_DATA_WRITE

ASEM-51 V1.3                                         Copyright (c) 2002 by W.W. Heinz                                         PAGE 3



 Line  I  Addr  Code            Source

  100:	  006D			DONE_DEC:
  101:	  006D	22		    RET
  102:
  103:	  006E			LCD_SEND_HEX:      ;send values to R6 first
  104:	  006E	F5 F0		    MOV B, A
  105:	  0070	C4		    SWAP A
  106:	  0071	54 0F		    ANL A, #0Fh
  107:	  0073	11 80		    ACALL HEX_TO_ASCII
  108:	  0075	11 19		    ACALL LCD_DATA_WRITE
  109:
  110:	  0077	E5 F0		    MOV A, B
  111:	  0079	54 0F		    ANL A, #0Fh
  112:	  007B	11 80		    ACALL HEX_TO_ASCII
  113:	  007D	11 19		    ACALL LCD_DATA_WRITE
  114:	  007F	22		    RET
  115:
  116:				;----------------------------------------------------------
  117:				;  HEX_TO_ASCII  – expects 0-15 in A, returns ‘0’…‘F’ in A (uses a ROM look-up so it’s
				 always right)
  118:				;----------------------------------------------------------
  119:	  0080			HEX_TO_ASCII:
  120:	  0080	C0 82		    PUSH    DPL             ; keep caller’s DPTR safe
  121:	  0082	C0 83		    PUSH    DPH
  122:	  0084	90 00 DF	    MOV     DPTR,#HEX_TAB   ; point to table
  123:	  0087	93		    MOVC    A,@A+DPTR       ; fetch the correct character
  124:	  0088	D0 83		    POP     DPH
  125:	  008A	D0 82		    POP     DPL
  126:	  008C	22		    RET
  127:
  128:				;=======================
  129:				; Delay ≈ 500 µs
  130:	  008D			DELAY_500US:
  131:	  008D	7A 05		    MOV R2, #5
  132:	  008F	7B 28		L1: MOV R3, #40
  133:	  0091	00		L2: NOP
  134:	  0092	DB FD		    DJNZ R3, L2
  135:	  0094	DA F9		    DJNZ R2, L1
  136:	  0096	22		    RET
  137:
  138:				;=======================
  139:				; Delay ≈10 µs
  140:	  0097			DELAY_10US:
  141:	  0097	00		    NOP
  142:	  0098	00		    NOP
  143:	  0099	00		    NOP
  144:	  009A	00		    NOP
  145:	  009B	00		    NOP
  146:	  009C	00		    NOP
  147:	  009D	00		    NOP
  148:	  009E	00		    NOP
  149:	  009F	00		    NOP
  150:	  00A0	00		    NOP
  151:	  00A1	22		    RET
  152:
  153:				;----------------------------------------------------------
  154:				; START

ASEM-51 V1.3                                         Copyright (c) 2002 by W.W. Heinz                                         PAGE 4



 Line  I  Addr  Code            Source

  155:	  00A2			START:
  156:	  00A2	11 26		    ACALL LCD_INIT
  157:
  158:	  00A4			MAIN_LOOP:
  159:	  00A4	7A 56		    MOV R2, #86
  160:	  00A6	7B 56		    MOV R3, #86
  161:	  00A8	EA		    MOV A, R2
  162:	  00A9	2B		    ADD A, R3
  163:	  00AA	FE		    MOV R6, A
  164:
  165:				    ; Show Hex
  166:	  00AB	90 00 D3	    MOV DPTR, #MSG_HEX
  167:	  00AE	11 37		    ACALL LCD_SEND_STRING
  168:	  00B0	EE		    MOV A,R6
  169:	  00B1	11 6E		    ACALL LCD_SEND_HEX
  170:
  171:				    ; ---- move cursor to start of line 2 ------------------
  172:	  00B3	74 C0		    MOV  A,#0C0h              ; DDRAM addr 40 → line 2, col 0
  173:	  00B5	11 0C		    ACALL LCD_CMD
  174:
  175:				    ; Line 2 or second part
  176:	  00B7	90 00 D9	    MOV DPTR, #MSG_DEC
  177:	  00BA	11 37		    ACALL LCD_SEND_STRING
  178:	  00BC	EE		    MOV A,R6
  179:	  00BD	11 41		    ACALL LCD_SEND_DECIMAL
  180:
  181:				    ; ---------- clear display & wait -------------------------
  182:	  00BF	74 01		    MOV   A,#01h             ; Clear-Display command
  183:	  00C1	11 0C		    ACALL LCD_CMD            ; sends it
  184:	  00C3	11 03		    ACALL LCD_DELAY          ; yields plenty of time (> 1.6 ms)
  185:
  186:				    ; ---------- start over -----------------------------------
  187:	  00C5	80 DD		    SJMP  MAIN_LOOP
  188:
  189:				;----------------------------------------------------------
  190:
  191:	  00C7	48 45 4C 4C	MSG_HELLO: DB "HELLO_WORLD",0
	  00CB	4F 5F 57 4F
	  00CF	52 4C 44 00
  192:	  00D3	48 45 58 3A	MSG_HEX:   DB "HEX: ", 0
	  00D7	20 00
  193:	  00D9	44 45 43 3A	MSG_DEC:   DB "DEC: ", 0
	  00DD	20 00
  194:	  00DF	30 31 32 33	HEX_TAB: DB  "0123456789ABCDEF" ; 16-byte table
	  00E3	34 35 36 37
	  00E7	38 39 41 42
	  00EB	43 44 45 46
  195:
  196:				END





                     register banks used:  ---


ASEM-51 V1.3                                         Copyright (c) 2002 by W.W. Heinz                                         PAGE 5



                     no errors




ASEM-51 V1.3                                         Copyright (c) 2002 by W.W. Heinz                                         PAGE 6





	       L I S T   O F   S Y M B O L S
	       =============================


SYMBOL				  TYPE     VALUE	LINE
------------------------------------------------------------
??ASEM_51			  NUMBER    8051
??VERSION			  NUMBER    0130
AC				  BIT	      D6
ACC				  DATA	      E0
B				  DATA	      F0
CY				  BIT	      D7
DELAY_10US			  CODE	    0097	 140
DELAY_500US			  CODE	    008D	 130
DL1				  CODE	    0005	  18
DL2				  CODE	    0007	  19
DONE_DEC			  CODE	    006D	 100
DPH				  DATA	      83
DPL				  DATA	      82
EA				  BIT	      AF
ES				  BIT	      AC
ET0				  BIT	      A9
ET1				  BIT	      AB
EX0				  BIT	      A8
EX1				  BIT	      AA
EXTI0				  CODE	    0003
EXTI1				  CODE	    0013
F0				  BIT	      D5
HEX_TAB				  CODE	    00DF	 194
HEX_TO_ASCII			  CODE	    0080	 119
IE				  DATA	      A8
IE0				  BIT	      89
IE1				  BIT	      8B
INT0				  BIT	      B2
INT1				  BIT	      B3
IP				  DATA	      B8
IT0				  BIT	      88
IT1				  BIT	      8A
L1				  CODE	    008F	 132
L2				  CODE	    0091	 133
LCD_CMD				  CODE	    000C	  23
LCD_DATA			  NUMBER    00B0	   8
LCD_DATA_WRITE			  CODE	    0019	  32
LCD_DELAY			  CODE	    0003	  16
LCD_EN				  NUMBER    0094	   7
LCD_INIT			  CODE	    0026	  41
LCD_RS				  NUMBER    0092	   5
LCD_RW				  NUMBER    0093	   6
LCD_SEND_DECIMAL		  CODE	    0041	  67
LCD_SEND_HEX			  CODE	    006E	 103
LCD_SEND_STRING			  CODE	    0037	  53
LCD_STRING_DONE			  CODE	    0040	  60
MAIN_LOOP			  CODE	    00A4	 158
MSG_DEC				  CODE	    00D9	 193
MSG_HELLO			  CODE	    00C7	 191
MSG_HEX				  CODE	    00D3	 192

ASEM-51 V1.3                                         Copyright (c) 2002 by W.W. Heinz                                         PAGE 7



SYMBOL				  TYPE     VALUE	LINE
------------------------------------------------------------
OV				  BIT	      D2
P				  BIT	      D0
P0				  DATA	      80
P1				  DATA	      90
P2				  DATA	      A0
P3				  DATA	      B0
PCON				  DATA	      87
PRINT_ONES			  CODE	    0068	  96
PS				  BIT	      BC
PSW				  DATA	      D0
PT0				  BIT	      B9
PT1				  BIT	      BB
PX0				  BIT	      B8
PX1				  BIT	      BA
RB8				  BIT	      9A
RD				  BIT	      B7
REN				  BIT	      9C
RESET				  CODE	    0000
RI				  BIT	      98
RS0				  BIT	      D3
RS1				  BIT	      D4
RXD				  BIT	      B0
SBUF				  DATA	      99
SCON				  DATA	      98
SINT				  CODE	    0023
SKIP_HUNDREDS			  CODE	    0056	  82
SKIP_TENS			  CODE	    005F	  89
SM0				  BIT	      9F
SM1				  BIT	      9E
SM2				  BIT	      9D
SP				  DATA	      81
START				  CODE	    00A2	 155
T0				  BIT	      B4
T1				  BIT	      B5
TB8				  BIT	      9B
TCON				  DATA	      88
TF0				  BIT	      8D
TF1				  BIT	      8F
TH0				  DATA	      8C
TH1				  DATA	      8D
TI				  BIT	      99
TIMER0				  CODE	    000B
TIMER1				  CODE	    001B
TL0				  DATA	      8A
TL1				  DATA	      8B
TMOD				  DATA	      89
TR0				  BIT	      8C
TR1				  BIT	      8E
TXD				  BIT	      B1
WR				  BIT	      B6
