
ASEM-51 V1.3                                         Copyright (c) 2002 by W.W. Heinz                                         PAGE 1





       MCS-51 Family Macro Assembler   A S E M - 5 1   V 1.3
       =====================================================



	Source File:	..\LED.asm
	Object File:	..\led.hex
	List File:	..\LED.lst



 Line  I  Addr  Code            Source

    1:				;----------------------------------------------------------
    2:				;  LED Sequence – Light up and turn off in order (AT89C51)
    3:				;  XTAL  : 11.0592 MHz
    4:				;  LEDs  : anodes on P2.0–P2.3, cathodes to GND (active-HIGH)
    5:				;----------------------------------------------------------
    6:
    7:		B      00A0	LED0 EQU P2.0
    8:		B      00A1	LED1 EQU P2.1
    9:		B      00A2	LED2 EQU P2.2
   10:		B      00A3	LED3 EQU P2.3
   11:
   12:		B      00A4	LED4 EQU P2.4;
   13:		B      00A5	LED5 EQU P2.5;
   14:		B      00A6	LED6 EQU P2.6;
   15:		B      00A7	LED7 EQU P2.7;
   16:
   17:
   18:		N      0000	ORG     0000h
   19:	  0000	80 09		SJMP START
   20:
   21:				;----------------------------------------------------------
   22:				; Delay subroutine (~500ms)
   23:				;----------------------------------------------------------
   24:	  0002			DELAY_500MS:
   25:	  0002	7F C8		    MOV R7, #200
   26:	  0004	7E FF		D1: MOV R6, #255
   27:	  0006	DE FE		D2: DJNZ R6, D2
   28:	  0008	DF FA		    DJNZ R7, D1
   29:	  000A	22		    RET
   30:
   31:				;----------------------------------------------------------
   32:				; Main program
   33:				;----------------------------------------------------------
   34:	  000B			START:
   35:	  000B	C2 A0		    CLR LED0
   36:	  000D	C2 A1		    CLR LED1
   37:	  000F	C2 A2		    CLR LED2
   38:	  0011	C2 A3		    CLR LED3
   39:	  0013	C2 A4		    CLR LED4
   40:	  0015	C2 A5		    CLR LED5
   41:	  0017	C2 A6		    CLR LED6
   42:	  0019	C2 A7		    CLR LED7
   43:

ASEM-51 V1.3                                         Copyright (c) 2002 by W.W. Heinz                                         PAGE 2



 Line  I  Addr  Code            Source

   44:	  001B			MAIN_LOOP:
   45:				    ; --- Turn LEDs ON one by one ---
   46:	  001B	D2 A0		    SETB LED0
   47:	  001D	11 02		    ACALL DELAY_500MS
   48:
   49:	  001F	D2 A1		    SETB LED1
   50:	  0021	11 02		    ACALL DELAY_500MS
   51:
   52:	  0023	D2 A2		    SETB LED2
   53:	  0025	11 02		    ACALL DELAY_500MS
   54:
   55:	  0027	D2 A3		    SETB LED3
   56:	  0029	11 02		    ACALL DELAY_500MS
   57:
   58:				    ; --- Turn LEDs OFF one by one ---
   59:	  002B	C2 A0		    CLR LED0
   60:	  002D	11 02		    ACALL DELAY_500MS
   61:
   62:	  002F	C2 A1		    CLR LED1
   63:	  0031	11 02		    ACALL DELAY_500MS
   64:
   65:	  0033	C2 A2		    CLR LED2
   66:	  0035	11 02		    ACALL DELAY_500MS
   67:
   68:	  0037	C2 A3		    CLR LED3
   69:	  0039	11 02		    ACALL DELAY_500MS
   70:
   71:	  003B	80 DE		    SJMP MAIN_LOOP
   72:
   73:				END





                     register banks used:  ---

                     no errors




ASEM-51 V1.3                                         Copyright (c) 2002 by W.W. Heinz                                         PAGE 3





	       L I S T   O F   S Y M B O L S
	       =============================


SYMBOL				  TYPE     VALUE	LINE
------------------------------------------------------------
??ASEM_51			  NUMBER    8051
??VERSION			  NUMBER    0130
AC				  BIT	      D6
ACC				  DATA	      E0
B				  DATA	      F0
CY				  BIT	      D7
D1				  CODE	    0004	  26
D2				  CODE	    0006	  27
DELAY_500MS			  CODE	    0002	  24
DPH				  DATA	      83
DPL				  DATA	      82
EA				  BIT	      AF
ES				  BIT	      AC
ET0				  BIT	      A9
ET1				  BIT	      AB
EX0				  BIT	      A8
EX1				  BIT	      AA
EXTI0				  CODE	    0003
EXTI1				  CODE	    0013
F0				  BIT	      D5
IE				  DATA	      A8
IE0				  BIT	      89
IE1				  BIT	      8B
INT0				  BIT	      B2
INT1				  BIT	      B3
IP				  DATA	      B8
IT0				  BIT	      88
IT1				  BIT	      8A
LED0				  NUMBER    00A0	   7
LED1				  NUMBER    00A1	   8
LED2				  NUMBER    00A2	   9
LED3				  NUMBER    00A3	  10
LED4				  NUMBER    00A4	  12
LED5				  NUMBER    00A5	  13
LED6				  NUMBER    00A6	  14
LED7				  NUMBER    00A7	  15
MAIN_LOOP			  CODE	    001B	  44
OV				  BIT	      D2
P				  BIT	      D0
P0				  DATA	      80
P1				  DATA	      90
P2				  DATA	      A0
P3				  DATA	      B0
PCON				  DATA	      87
PS				  BIT	      BC
PSW				  DATA	      D0
PT0				  BIT	      B9
PT1				  BIT	      BB
PX0				  BIT	      B8
PX1				  BIT	      BA

ASEM-51 V1.3                                         Copyright (c) 2002 by W.W. Heinz                                         PAGE 4



SYMBOL				  TYPE     VALUE	LINE
------------------------------------------------------------
RB8				  BIT	      9A
RD				  BIT	      B7
REN				  BIT	      9C
RESET				  CODE	    0000
RI				  BIT	      98
RS0				  BIT	      D3
RS1				  BIT	      D4
RXD				  BIT	      B0
SBUF				  DATA	      99
SCON				  DATA	      98
SINT				  CODE	    0023
SM0				  BIT	      9F
SM1				  BIT	      9E
SM2				  BIT	      9D
SP				  DATA	      81
START				  CODE	    000B	  34
T0				  BIT	      B4
T1				  BIT	      B5
TB8				  BIT	      9B
TCON				  DATA	      88
TF0				  BIT	      8D
TF1				  BIT	      8F
TH0				  DATA	      8C
TH1				  DATA	      8D
TI				  BIT	      99
TIMER0				  CODE	    000B
TIMER1				  CODE	    001B
TL0				  DATA	      8A
TL1				  DATA	      8B
TMOD				  DATA	      89
TR0				  BIT	      8C
TR1				  BIT	      8E
TXD				  BIT	      B1
WR				  BIT	      B6
